{"total": {"lines":{"total":230,"covered":230,"skipped":0,"pct":100},"statements":{"total":230,"covered":230,"skipped":0,"pct":100},"functions":{"total":41,"covered":41,"skipped":0,"pct":100},"branches":{"total":100,"covered":99,"skipped":0,"pct":99}}
,"P:\\ellie\\js\\ellie.js\\src\\ellie.js": {"lines":{"total":2,"covered":2,"skipped":0,"pct":100},"functions":{"total":0,"covered":0,"skipped":0,"pct":100},"statements":{"total":2,"covered":2,"skipped":0,"pct":100},"branches":{"total":0,"covered":0,"skipped":0,"pct":100}}
,"P:\\ellie\\js\\ellie.js\\src\\ellie\\memory.js": {"lines":{"total":32,"covered":32,"skipped":0,"pct":100},"functions":{"total":6,"covered":6,"skipped":0,"pct":100},"statements":{"total":32,"covered":32,"skipped":0,"pct":100},"branches":{"total":18,"covered":17,"skipped":0,"pct":94.44}}
,"P:\\ellie\\js\\ellie.js\\src\\ellie\\processor.js": {"lines":{"total":46,"covered":46,"skipped":0,"pct":100},"functions":{"total":6,"covered":6,"skipped":0,"pct":100},"statements":{"total":46,"covered":46,"skipped":0,"pct":100},"branches":{"total":36,"covered":36,"skipped":0,"pct":100}}
,"P:\\ellie\\js\\ellie.js\\src\\ellie\\register.js": {"lines":{"total":73,"covered":73,"skipped":0,"pct":100},"functions":{"total":17,"covered":17,"skipped":0,"pct":100},"statements":{"total":73,"covered":73,"skipped":0,"pct":100},"branches":{"total":20,"covered":20,"skipped":0,"pct":100}}
,"P:\\ellie\\js\\ellie.js\\src\\ellie\\memory\\error.js": {"lines":{"total":5,"covered":5,"skipped":0,"pct":100},"functions":{"total":1,"covered":1,"skipped":0,"pct":100},"statements":{"total":5,"covered":5,"skipped":0,"pct":100},"branches":{"total":0,"covered":0,"skipped":0,"pct":100}}
,"P:\\ellie\\js\\ellie.js\\src\\ellie\\memory\\mirror.js": {"lines":{"total":7,"covered":7,"skipped":0,"pct":100},"functions":{"total":1,"covered":1,"skipped":0,"pct":100},"statements":{"total":7,"covered":7,"skipped":0,"pct":100},"branches":{"total":0,"covered":0,"skipped":0,"pct":100}}
,"P:\\ellie\\js\\ellie.js\\src\\ellie\\processor\\error.js": {"lines":{"total":5,"covered":5,"skipped":0,"pct":100},"functions":{"total":1,"covered":1,"skipped":0,"pct":100},"statements":{"total":5,"covered":5,"skipped":0,"pct":100},"branches":{"total":0,"covered":0,"skipped":0,"pct":100}}
,"P:\\ellie\\js\\ellie.js\\src\\ellie\\processor\\mode.js": {"lines":{"total":7,"covered":7,"skipped":0,"pct":100},"functions":{"total":2,"covered":2,"skipped":0,"pct":100},"statements":{"total":7,"covered":7,"skipped":0,"pct":100},"branches":{"total":2,"covered":2,"skipped":0,"pct":100}}
,"P:\\ellie\\js\\ellie.js\\src\\ellie\\processor\\operation.js": {"lines":{"total":43,"covered":43,"skipped":0,"pct":100},"functions":{"total":5,"covered":5,"skipped":0,"pct":100},"statements":{"total":43,"covered":43,"skipped":0,"pct":100},"branches":{"total":24,"covered":24,"skipped":0,"pct":100}}
,"P:\\ellie\\js\\ellie.js\\src\\ellie\\processor\\operation\\error.js": {"lines":{"total":5,"covered":5,"skipped":0,"pct":100},"functions":{"total":1,"covered":1,"skipped":0,"pct":100},"statements":{"total":5,"covered":5,"skipped":0,"pct":100},"branches":{"total":0,"covered":0,"skipped":0,"pct":100}}
,"P:\\ellie\\js\\ellie.js\\src\\ellie\\register\\error.js": {"lines":{"total":5,"covered":5,"skipped":0,"pct":100},"functions":{"total":1,"covered":1,"skipped":0,"pct":100},"statements":{"total":5,"covered":5,"skipped":0,"pct":100},"branches":{"total":0,"covered":0,"skipped":0,"pct":100}}
}
